{"C:\\Users\\khaspalaev\\Documents\\stellar-burgers-main\\stellar-burgers-main\\src\\services\\store.ts": {"path":"C:\\Users\\khaspalaev\\Documents\\stellar-burgers-main\\stellar-burgers-main\\src\\services\\store.ts","statementMap":{"0":{"start":{"line":1,"column":0},"end":{"line":1,"column":67}},"1":{"start":{"line":2,"column":0},"end":{"line":2,"column":null}},"2":{"start":{"line":7,"column":0},"end":{"line":7,"column":48}},"3":{"start":{"line":8,"column":0},"end":{"line":8,"column":52}},"4":{"start":{"line":9,"column":0},"end":{"line":9,"column":50}},"5":{"start":{"line":10,"column":0},"end":{"line":10,"column":74}},"6":{"start":{"line":12,"column":13},"end":{"line":17,"column":3}},"7":{"start":{"line":19,"column":14},"end":{"line":22,"column":2}},"8":{"start":{"line":28,"column":46},"end":{"line":28,"column":64}},"9":{"start":{"line":28,"column":52},"end":{"line":28,"column":67}},"10":{"start":{"line":28,"column":13},"end":{"line":28,"column":46}},"11":{"start":{"line":29,"column":13},"end":{"line":29,"column":73}},"12":{"start":{"line":31,"column":0},"end":{"line":31,"column":21}}},"fnMap":{"0":{"name":"(anonymous_0)","decl":{"start":{"line":28,"column":46},"end":{"line":28,"column":52}},"loc":{"start":{"line":28,"column":46},"end":{"line":28,"column":64}}}},"branchMap":{},"s":{"0":4,"1":4,"2":4,"3":4,"4":4,"5":4,"6":4,"7":4,"8":4,"9":0,"10":4,"11":4,"12":4},"f":{"0":0},"b":{}}
,"C:\\Users\\khaspalaev\\Documents\\stellar-burgers-main\\stellar-burgers-main\\src\\services\\slices\\burgerConstructorSlice\\index.ts": {"path":"C:\\Users\\khaspalaev\\Documents\\stellar-burgers-main\\stellar-burgers-main\\src\\services\\slices\\burgerConstructorSlice\\index.ts","statementMap":{"0":{"start":{"line":1,"column":0},"end":{"line":1,"column":null}},"1":{"start":{"line":8,"column":0},"end":{"line":8,"column":70}},"2":{"start":{"line":11,"column":13},"end":{"line":22,"column":3}},"3":{"start":{"line":15,"column":48},"end":{"line":22,"column":2}},"4":{"start":{"line":17,"column":16},"end":{"line":17,"column":null}},"5":{"start":{"line":17,"column":10},"end":{"line":17,"column":null}},"6":{"start":{"line":18,"column":4},"end":{"line":18,"column":15}},"7":{"start":{"line":20,"column":4},"end":{"line":20,"column":41}},"8":{"start":{"line":33,"column":40},"end":{"line":40,"column":2}},"9":{"start":{"line":42,"column":31},"end":{"line":149,"column":2}},"10":{"start":{"line":47,"column":6},"end":{"line":50,"column":8}},"11":{"start":{"line":53,"column":6},"end":{"line":53,"column":42}},"12":{"start":{"line":57,"column":24},"end":{"line":57,"column":38}},"13":{"start":{"line":59,"column":8},"end":{"line":63,"column":9}},"14":{"start":{"line":60,"column":10},"end":{"line":60,"column":47}},"15":{"start":{"line":62,"column":10},"end":{"line":62,"column":59}},"16":{"start":{"line":65,"column":44},"end":{"line":70,"column":null}},"17":{"start":{"line":76,"column":33},"end":{"line":76,"column":47}},"18":{"start":{"line":78,"column":6},"end":{"line":85,"column":7}},"19":{"start":{"line":79,"column":8},"end":{"line":79,"column":42}},"20":{"start":{"line":81,"column":8},"end":{"line":84,"column":12}},"21":{"start":{"line":83,"column":22},"end":{"line":83,"column":null}},"22":{"start":{"line":91,"column":31},"end":{"line":91,"column":45}},"23":{"start":{"line":93,"column":6},"end":{"line":95,"column":7}},"24":{"start":{"line":94,"column":8},"end":{"line":94,"column":15}},"25":{"start":{"line":97,"column":20},"end":{"line":98,"column":null}},"26":{"start":{"line":98,"column":18},"end":{"line":98,"column":null}},"27":{"start":{"line":101,"column":6},"end":{"line":107,"column":7}},"28":{"start":{"line":102,"column":28},"end":{"line":102,"column":62}},"29":{"start":{"line":103,"column":8},"end":{"line":103,"column":55}},"30":{"start":{"line":113,"column":31},"end":{"line":113,"column":45}},"31":{"start":{"line":115,"column":6},"end":{"line":117,"column":7}},"32":{"start":{"line":116,"column":8},"end":{"line":116,"column":15}},"33":{"start":{"line":119,"column":26},"end":{"line":119,"column":60}},"34":{"start":{"line":120,"column":20},"end":{"line":121,"column":null}},"35":{"start":{"line":121,"column":18},"end":{"line":121,"column":null}},"36":{"start":{"line":124,"column":6},"end":{"line":129,"column":7}},"37":{"start":{"line":125,"column":8},"end":{"line":125,"column":55}},"38":{"start":{"line":133,"column":41},"end":{"line":133,"column":null}},"39":{"start":{"line":134,"column":37},"end":{"line":134,"column":null}},"40":{"start":{"line":135,"column":39},"end":{"line":135,"column":null}},"41":{"start":{"line":138,"column":4},"end":{"line":147,"column":9}},"42":{"start":{"line":140,"column":8},"end":{"line":140,"column":34}},"43":{"start":{"line":143,"column":8},"end":{"line":143,"column":52}},"44":{"start":{"line":146,"column":8},"end":{"line":146,"column":35}},"45":{"start":{"line":152,"column":2},"end":{"line":157,"column":null}},"46":{"start":{"line":160,"column":2},"end":{"line":162,"column":null}},"47":{"start":{"line":164,"column":13},"end":{"line":164,"column":71}}},"fnMap":{"0":{"name":"(anonymous_15)","decl":{"start":{"line":15,"column":17},"end":{"line":15,"column":24}},"loc":{"start":{"line":15,"column":48},"end":{"line":22,"column":2}}},"1":{"name":"(anonymous_16)","decl":{"start":{"line":15,"column":48},"end":{"line":15,"column":null}},"loc":{"start":{"line":15,"column":48},"end":{"line":22,"column":2}}},"2":{"name":"(anonymous_18)","decl":{"start":{"line":46,"column":28},"end":{"line":46,"column":29}},"loc":{"start":{"line":46,"column":34},"end":{"line":51,"column":5}}},"3":{"name":"(anonymous_19)","decl":{"start":{"line":52,"column":21},"end":{"line":52,"column":22}},"loc":{"start":{"line":52,"column":59},"end":{"line":54,"column":5}}},"4":{"name":"(anonymous_20)","decl":{"start":{"line":56,"column":15},"end":{"line":56,"column":16}},"loc":{"start":{"line":56,"column":68},"end":{"line":64,"column":7}}},"5":{"name":"(anonymous_21)","decl":{"start":{"line":65,"column":15},"end":{"line":65,"column":16}},"loc":{"start":{"line":65,"column":39},"end":{"line":65,"column":45}}},"6":{"name":"(anonymous_22)","decl":{"start":{"line":72,"column":22},"end":{"line":72,"column":null}},"loc":{"start":{"line":74,"column":51},"end":{"line":86,"column":5}}},"7":{"name":"(anonymous_23)","decl":{"start":{"line":83,"column":12},"end":{"line":83,"column":13}},"loc":{"start":{"line":83,"column":17},"end":{"line":83,"column":26}}},"8":{"name":"(anonymous_24)","decl":{"start":{"line":87,"column":22},"end":{"line":87,"column":null}},"loc":{"start":{"line":89,"column":51},"end":{"line":108,"column":5}}},"9":{"name":"(anonymous_25)","decl":{"start":{"line":98,"column":8},"end":{"line":98,"column":9}},"loc":{"start":{"line":98,"column":13},"end":{"line":98,"column":22}}},"10":{"name":"(anonymous_26)","decl":{"start":{"line":109,"column":24},"end":{"line":109,"column":null}},"loc":{"start":{"line":111,"column":51},"end":{"line":130,"column":5}}},"11":{"name":"(anonymous_27)","decl":{"start":{"line":121,"column":8},"end":{"line":121,"column":9}},"loc":{"start":{"line":121,"column":13},"end":{"line":121,"column":22}}},"12":{"name":"(anonymous_28)","decl":{"start":{"line":133,"column":30},"end":{"line":133,"column":31}},"loc":{"start":{"line":133,"column":36},"end":{"line":133,"column":46}}},"13":{"name":"(anonymous_29)","decl":{"start":{"line":134,"column":26},"end":{"line":134,"column":27}},"loc":{"start":{"line":134,"column":32},"end":{"line":134,"column":42}}},"14":{"name":"(anonymous_30)","decl":{"start":{"line":135,"column":28},"end":{"line":135,"column":29}},"loc":{"start":{"line":135,"column":34},"end":{"line":135,"column":44}}},"15":{"name":"(anonymous_31)","decl":{"start":{"line":137,"column":17},"end":{"line":137,"column":18}},"loc":{"start":{"line":137,"column":25},"end":{"line":148,"column":3}}},"16":{"name":"(anonymous_32)","decl":{"start":{"line":139,"column":36},"end":{"line":139,"column":37}},"loc":{"start":{"line":139,"column":42},"end":{"line":141,"column":7}}},"17":{"name":"(anonymous_33)","decl":{"start":{"line":142,"column":38},"end":{"line":142,"column":39}},"loc":{"start":{"line":142,"column":52},"end":{"line":144,"column":7}}},"18":{"name":"(anonymous_34)","decl":{"start":{"line":145,"column":37},"end":{"line":145,"column":38}},"loc":{"start":{"line":145,"column":43},"end":{"line":147,"column":7}}}},"branchMap":{"0":{"loc":{"start":{"line":59,"column":8},"end":{"line":63,"column":9}},"type":"if","locations":[{"start":{"line":59,"column":8},"end":{"line":63,"column":9}},{"start":{"line":61,"column":15},"end":{"line":63,"column":9}}]},"1":{"loc":{"start":{"line":78,"column":6},"end":{"line":85,"column":7}},"type":"if","locations":[{"start":{"line":78,"column":6},"end":{"line":85,"column":7}},{"start":{"line":80,"column":13},"end":{"line":85,"column":7}}]},"2":{"loc":{"start":{"line":93,"column":6},"end":{"line":95,"column":7}},"type":"if","locations":[{"start":{"line":93,"column":6},"end":{"line":95,"column":7}}]},"3":{"loc":{"start":{"line":101,"column":6},"end":{"line":107,"column":7}},"type":"if","locations":[{"start":{"line":101,"column":6},"end":{"line":107,"column":7}}]},"4":{"loc":{"start":{"line":115,"column":6},"end":{"line":117,"column":7}},"type":"if","locations":[{"start":{"line":115,"column":6},"end":{"line":117,"column":7}}]},"5":{"loc":{"start":{"line":124,"column":6},"end":{"line":129,"column":7}},"type":"if","locations":[{"start":{"line":124,"column":6},"end":{"line":129,"column":7}}]},"6":{"loc":{"start":{"line":124,"column":10},"end":{"line":124,"column":54}},"type":"binary-expr","locations":[{"start":{"line":124,"column":10},"end":{"line":124,"column":20}},{"start":{"line":124,"column":24},"end":{"line":124,"column":54}}]}},"s":{"0":4,"1":4,"2":4,"3":1,"4":1,"5":1,"6":1,"7":0,"8":4,"9":4,"10":1,"11":0,"12":2,"13":2,"14":1,"15":1,"16":2,"17":2,"18":2,"19":1,"20":1,"21":2,"22":1,"23":1,"24":0,"25":1,"26":2,"27":1,"28":1,"29":1,"30":1,"31":1,"32":0,"33":1,"34":1,"35":1,"36":1,"37":1,"38":0,"39":0,"40":0,"41":4,"42":1,"43":1,"44":0,"45":4,"46":4,"47":4},"f":{"0":1,"1":1,"2":1,"3":0,"4":2,"5":2,"6":2,"7":2,"8":1,"9":2,"10":1,"11":1,"12":0,"13":0,"14":0,"15":4,"16":1,"17":1,"18":0},"b":{"0":[1,1],"1":[1,1],"2":[0],"3":[1],"4":[0],"5":[1],"6":[1,1]}}
,"C:\\Users\\khaspalaev\\Documents\\stellar-burgers-main\\stellar-burgers-main\\src\\services\\slices\\burgerSlice\\index.ts": {"path":"C:\\Users\\khaspalaev\\Documents\\stellar-burgers-main\\stellar-burgers-main\\src\\services\\slices\\burgerSlice\\index.ts","statementMap":{"0":{"start":{"line":1,"column":0},"end":{"line":1,"column":null}},"1":{"start":{"line":8,"column":0},"end":{"line":8,"column":70}},"2":{"start":{"line":11,"column":13},"end":{"line":21,"column":2}},"3":{"start":{"line":13,"column":20},"end":{"line":20,"column":null}},"4":{"start":{"line":15,"column":18},"end":{"line":15,"column":null}},"5":{"start":{"line":15,"column":12},"end":{"line":15,"column":null}},"6":{"start":{"line":16,"column":6},"end":{"line":16,"column":17}},"7":{"start":{"line":18,"column":6},"end":{"line":18,"column":43}},"8":{"start":{"line":23,"column":13},"end":{"line":33,"column":2}},"9":{"start":{"line":25,"column":20},"end":{"line":32,"column":null}},"10":{"start":{"line":27,"column":18},"end":{"line":27,"column":null}},"11":{"start":{"line":27,"column":12},"end":{"line":27,"column":null}},"12":{"start":{"line":28,"column":6},"end":{"line":28,"column":17}},"13":{"start":{"line":30,"column":6},"end":{"line":30,"column":43}},"14":{"start":{"line":46,"column":31},"end":{"line":67,"column":1}},"15":{"start":{"line":50,"column":2},"end":{"line":66,"column":3}},"16":{"start":{"line":51,"column":24},"end":{"line":52,"column":null}},"17":{"start":{"line":54,"column":19},"end":{"line":54,"column":71}},"18":{"start":{"line":55,"column":23},"end":{"line":56,"column":null}},"19":{"start":{"line":59,"column":4},"end":{"line":59,"column":47}},"20":{"start":{"line":61,"column":4},"end":{"line":65,"column":6}},"21":{"start":{"line":69,"column":20},"end":{"line":69,"column":44}},"22":{"start":{"line":71,"column":18},"end":{"line":75,"column":null}},"23":{"start":{"line":78,"column":20},"end":{"line":134,"column":2}},"24":{"start":{"line":83,"column":36},"end":{"line":83,"column":null}},"25":{"start":{"line":84,"column":31},"end":{"line":84,"column":null}},"26":{"start":{"line":85,"column":35},"end":{"line":85,"column":null}},"27":{"start":{"line":87,"column":34},"end":{"line":87,"column":null}},"28":{"start":{"line":90,"column":4},"end":{"line":132,"column":8}},"29":{"start":{"line":92,"column":8},"end":{"line":92,"column":32}},"30":{"start":{"line":93,"column":8},"end":{"line":93,"column":27}},"31":{"start":{"line":94,"column":8},"end":{"line":94,"column":43}},"32":{"start":{"line":95,"column":8},"end":{"line":95,"column":78}},"33":{"start":{"line":100,"column":10},"end":{"line":100,"column":34}},"34":{"start":{"line":101,"column":10},"end":{"line":101,"column":29}},"35":{"start":{"line":102,"column":10},"end":{"line":102,"column":47}},"36":{"start":{"line":103,"column":10},"end":{"line":103,"column":56}},"37":{"start":{"line":104,"column":10},"end":{"line":104,"column":66}},"38":{"start":{"line":105,"column":10},"end":{"line":108,"column":12}},"39":{"start":{"line":109,"column":10},"end":{"line":115,"column":12}},"40":{"start":{"line":122,"column":10},"end":{"line":122,"column":33}},"41":{"start":{"line":123,"column":10},"end":{"line":123,"column":29}},"42":{"start":{"line":129,"column":10},"end":{"line":129,"column":34}},"43":{"start":{"line":130,"column":10},"end":{"line":130,"column":37}},"44":{"start":{"line":137,"column":2},"end":{"line":140,"column":null}},"45":{"start":{"line":142,"column":13},"end":{"line":142,"column":49}}},"fnMap":{"0":{"name":"(anonymous_15)","decl":{"start":{"line":13,"column":2},"end":{"line":13,"column":9}},"loc":{"start":{"line":13,"column":20},"end":{"line":20,"column":null}}},"1":{"name":"(anonymous_16)","decl":{"start":{"line":13,"column":20},"end":{"line":13,"column":null}},"loc":{"start":{"line":13,"column":20},"end":{"line":20,"column":null}}},"2":{"name":"(anonymous_18)","decl":{"start":{"line":25,"column":2},"end":{"line":25,"column":9}},"loc":{"start":{"line":25,"column":20},"end":{"line":32,"column":null}}},"3":{"name":"(anonymous_19)","decl":{"start":{"line":25,"column":20},"end":{"line":25,"column":null}},"loc":{"start":{"line":25,"column":20},"end":{"line":32,"column":null}}},"4":{"name":"(anonymous_21)","decl":{"start":{"line":46,"column":31},"end":{"line":46,"column":null}},"loc":{"start":{"line":46,"column":31},"end":{"line":67,"column":1}}},"5":{"name":"(anonymous_22)","decl":{"start":{"line":83,"column":25},"end":{"line":83,"column":26}},"loc":{"start":{"line":83,"column":31},"end":{"line":83,"column":41}}},"6":{"name":"(anonymous_23)","decl":{"start":{"line":84,"column":20},"end":{"line":84,"column":21}},"loc":{"start":{"line":84,"column":26},"end":{"line":84,"column":36}}},"7":{"name":"(anonymous_24)","decl":{"start":{"line":85,"column":24},"end":{"line":85,"column":25}},"loc":{"start":{"line":85,"column":30},"end":{"line":85,"column":40}}},"8":{"name":"(anonymous_25)","decl":{"start":{"line":87,"column":23},"end":{"line":87,"column":24}},"loc":{"start":{"line":87,"column":29},"end":{"line":87,"column":39}}},"9":{"name":"(anonymous_26)","decl":{"start":{"line":89,"column":17},"end":{"line":89,"column":18}},"loc":{"start":{"line":89,"column":25},"end":{"line":133,"column":3}}},"10":{"name":"(anonymous_27)","decl":{"start":{"line":91,"column":43},"end":{"line":91,"column":44}},"loc":{"start":{"line":91,"column":57},"end":{"line":96,"column":7}}},"11":{"name":"(anonymous_28)","decl":{"start":{"line":99,"column":8},"end":{"line":99,"column":9}},"loc":{"start":{"line":99,"column":53},"end":{"line":116,"column":9}}},"12":{"name":"(anonymous_29)","decl":{"start":{"line":121,"column":8},"end":{"line":121,"column":9}},"loc":{"start":{"line":121,"column":14},"end":{"line":124,"column":9}}},"13":{"name":"(anonymous_30)","decl":{"start":{"line":128,"column":8},"end":{"line":128,"column":9}},"loc":{"start":{"line":128,"column":22},"end":{"line":131,"column":9}}}},"branchMap":{"0":{"loc":{"start":{"line":52,"column":6},"end":{"line":52,"column":51}},"type":"binary-expr","locations":[{"start":{"line":52,"column":6},"end":{"line":52,"column":43}},{"start":{"line":52,"column":47},"end":{"line":52,"column":51}}]},"1":{"loc":{"start":{"line":54,"column":30},"end":{"line":54,"column":70}},"type":"binary-expr","locations":[{"start":{"line":54,"column":30},"end":{"line":54,"column":62}},{"start":{"line":54,"column":66},"end":{"line":54,"column":70}}]},"2":{"loc":{"start":{"line":56,"column":6},"end":{"line":56,"column":74}},"type":"binary-expr","locations":[{"start":{"line":56,"column":6},"end":{"line":56,"column":42}},{"start":{"line":56,"column":46},"end":{"line":56,"column":74}}]},"3":{"loc":{"start":{"line":74,"column":4},"end":{"line":74,"column":75}},"type":"binary-expr","locations":[{"start":{"line":74,"column":4},"end":{"line":74,"column":40}},{"start":{"line":74,"column":44},"end":{"line":74,"column":75}}]}},"s":{"0":4,"1":4,"2":4,"3":1,"4":1,"5":1,"6":1,"7":0,"8":4,"9":1,"10":1,"11":1,"12":1,"13":0,"14":4,"15":8,"16":8,"17":8,"18":8,"19":8,"20":0,"21":4,"22":4,"23":4,"24":0,"25":0,"26":0,"27":0,"28":4,"29":1,"30":1,"31":1,"32":1,"33":1,"34":1,"35":1,"36":1,"37":1,"38":1,"39":1,"40":2,"41":2,"42":0,"43":0,"44":4,"45":4},"f":{"0":1,"1":1,"2":1,"3":1,"4":8,"5":0,"6":0,"7":0,"8":0,"9":4,"10":1,"11":1,"12":2,"13":0},"b":{"0":[8,8],"1":[8,8],"2":[8,8],"3":[4,0]}}
,"C:\\Users\\khaspalaev\\Documents\\stellar-burgers-main\\stellar-burgers-main\\src\\services\\slices\\modalSlice\\index.ts": {"path":"C:\\Users\\khaspalaev\\Documents\\stellar-burgers-main\\stellar-burgers-main\\src\\services\\slices\\modalSlice\\index.ts","statementMap":{"0":{"start":{"line":1,"column":0},"end":{"line":1,"column":47}},"1":{"start":{"line":7,"column":34},"end":{"line":9,"column":2}},"2":{"start":{"line":11,"column":19},"end":{"line":25,"column":2}},"3":{"start":{"line":16,"column":6},"end":{"line":16,"column":26}},"4":{"start":{"line":19,"column":6},"end":{"line":19,"column":27}},"5":{"start":{"line":23,"column":31},"end":{"line":23,"column":null}},"6":{"start":{"line":27,"column":15},"end":{"line":27,"column":55}},"7":{"start":{"line":28,"column":15},"end":{"line":28,"column":41}},"8":{"start":{"line":29,"column":13},"end":{"line":29,"column":47}}},"fnMap":{"0":{"name":"(anonymous_0)","decl":{"start":{"line":15,"column":15},"end":{"line":15,"column":16}},"loc":{"start":{"line":15,"column":21},"end":{"line":17,"column":5}}},"1":{"name":"(anonymous_1)","decl":{"start":{"line":18,"column":16},"end":{"line":18,"column":17}},"loc":{"start":{"line":18,"column":22},"end":{"line":20,"column":5}}},"2":{"name":"(anonymous_2)","decl":{"start":{"line":23,"column":20},"end":{"line":23,"column":21}},"loc":{"start":{"line":23,"column":26},"end":{"line":23,"column":36}}}},"branchMap":{},"s":{"0":5,"1":5,"2":5,"3":1,"4":1,"5":0,"6":5,"7":5,"8":5},"f":{"0":1,"1":1,"2":0},"b":{}}
,"C:\\Users\\khaspalaev\\Documents\\stellar-burgers-main\\stellar-burgers-main\\src\\services\\slices\\userSlice\\index.ts": {"path":"C:\\Users\\khaspalaev\\Documents\\stellar-burgers-main\\stellar-burgers-main\\src\\services\\slices\\userSlice\\index.ts","statementMap":{"0":{"start":{"line":1,"column":0},"end":{"line":1,"column":null}},"1":{"start":{"line":11,"column":0},"end":{"line":11,"column":null}},"2":{"start":{"line":18,"column":0},"end":{"line":18,"column":56}},"3":{"start":{"line":20,"column":13},"end":{"line":32,"column":2}},"4":{"start":{"line":22,"column":16},"end":{"line":22,"column":18}},"5":{"start":{"line":22,"column":22},"end":{"line":22,"column":24}},"6":{"start":{"line":22,"column":32},"end":{"line":22,"column":49}},"7":{"start":{"line":24,"column":18},"end":{"line":24,"column":null}},"8":{"start":{"line":24,"column":12},"end":{"line":24,"column":null}},"9":{"start":{"line":25,"column":6},"end":{"line":25,"column":61}},"10":{"start":{"line":26,"column":6},"end":{"line":26,"column":48}},"11":{"start":{"line":27,"column":6},"end":{"line":27,"column":22}},"12":{"start":{"line":29,"column":6},"end":{"line":29,"column":43}},"13":{"start":{"line":34,"column":13},"end":{"line":46,"column":2}},"14":{"start":{"line":36,"column":16},"end":{"line":36,"column":18}},"15":{"start":{"line":36,"column":26},"end":{"line":36,"column":40}},"16":{"start":{"line":38,"column":18},"end":{"line":38,"column":null}},"17":{"start":{"line":38,"column":12},"end":{"line":38,"column":null}},"18":{"start":{"line":39,"column":6},"end":{"line":39,"column":61}},"19":{"start":{"line":40,"column":6},"end":{"line":40,"column":48}},"20":{"start":{"line":41,"column":6},"end":{"line":41,"column":22}},"21":{"start":{"line":43,"column":6},"end":{"line":43,"column":43}},"22":{"start":{"line":48,"column":13},"end":{"line":57,"column":3}},"23":{"start":{"line":48,"column":72},"end":{"line":57,"column":2}},"24":{"start":{"line":50,"column":4},"end":{"line":50,"column":22}},"25":{"start":{"line":51,"column":4},"end":{"line":51,"column":44}},"26":{"start":{"line":52,"column":4},"end":{"line":52,"column":32}},"27":{"start":{"line":53,"column":4},"end":{"line":53,"column":16}},"28":{"start":{"line":55,"column":4},"end":{"line":55,"column":41}},"29":{"start":{"line":59,"column":13},"end":{"line":69,"column":2}},"30":{"start":{"line":61,"column":20},"end":{"line":68,"column":null}},"31":{"start":{"line":63,"column":18},"end":{"line":63,"column":null}},"32":{"start":{"line":63,"column":12},"end":{"line":63,"column":null}},"33":{"start":{"line":64,"column":6},"end":{"line":64,"column":22}},"34":{"start":{"line":66,"column":6},"end":{"line":66,"column":43}},"35":{"start":{"line":71,"column":13},"end":{"line":81,"column":2}},"36":{"start":{"line":73,"column":16},"end":{"line":73,"column":18}},"37":{"start":{"line":73,"column":22},"end":{"line":73,"column":24}},"38":{"start":{"line":73,"column":32},"end":{"line":73,"column":49}},"39":{"start":{"line":75,"column":18},"end":{"line":75,"column":null}},"40":{"start":{"line":75,"column":12},"end":{"line":75,"column":null}},"41":{"start":{"line":76,"column":6},"end":{"line":76,"column":22}},"42":{"start":{"line":78,"column":6},"end":{"line":78,"column":43}},"43":{"start":{"line":83,"column":13},"end":{"line":93,"column":2}},"44":{"start":{"line":85,"column":20},"end":{"line":92,"column":null}},"45":{"start":{"line":87,"column":18},"end":{"line":87,"column":null}},"46":{"start":{"line":87,"column":12},"end":{"line":87,"column":null}},"47":{"start":{"line":88,"column":6},"end":{"line":88,"column":17}},"48":{"start":{"line":90,"column":6},"end":{"line":90,"column":43}},"49":{"start":{"line":102,"column":33},"end":{"line":107,"column":2}},"50":{"start":{"line":109,"column":18},"end":{"line":183,"column":2}},"51":{"start":{"line":114,"column":29},"end":{"line":114,"column":null}},"52":{"start":{"line":115,"column":31},"end":{"line":115,"column":null}},"53":{"start":{"line":116,"column":31},"end":{"line":116,"column":null}},"54":{"start":{"line":117,"column":34},"end":{"line":117,"column":null}},"55":{"start":{"line":120,"column":4},"end":{"line":181,"column":8}},"56":{"start":{"line":122,"column":8},"end":{"line":122,"column":26}},"57":{"start":{"line":123,"column":8},"end":{"line":123,"column":26}},"58":{"start":{"line":124,"column":8},"end":{"line":124,"column":32}},"59":{"start":{"line":125,"column":8},"end":{"line":125,"column":29}},"60":{"start":{"line":131,"column":10},"end":{"line":131,"column":40}},"61":{"start":{"line":132,"column":10},"end":{"line":132,"column":34}},"62":{"start":{"line":139,"column":10},"end":{"line":139,"column":34}},"63":{"start":{"line":153,"column":10},"end":{"line":153,"column":33}},"64":{"start":{"line":164,"column":10},"end":{"line":164,"column":34}},"65":{"start":{"line":165,"column":10},"end":{"line":165,"column":31}},"66":{"start":{"line":177,"column":10},"end":{"line":177,"column":38}},"67":{"start":{"line":178,"column":10},"end":{"line":178,"column":34}},"68":{"start":{"line":179,"column":10},"end":{"line":179,"column":30}},"69":{"start":{"line":186,"column":2},"end":{"line":189,"column":null}},"70":{"start":{"line":191,"column":13},"end":{"line":191,"column":45}}},"fnMap":{"0":{"name":"(anonymous_13)","decl":{"start":{"line":22,"column":2},"end":{"line":22,"column":9}},"loc":{"start":{"line":22,"column":59},"end":{"line":31,"column":null}}},"1":{"name":"(anonymous_16)","decl":{"start":{"line":36,"column":2},"end":{"line":36,"column":9}},"loc":{"start":{"line":36,"column":50},"end":{"line":45,"column":null}}},"2":{"name":"(anonymous_19)","decl":{"start":{"line":48,"column":54},"end":{"line":48,"column":61}},"loc":{"start":{"line":48,"column":72},"end":{"line":57,"column":2}}},"3":{"name":"(anonymous_20)","decl":{"start":{"line":48,"column":72},"end":{"line":48,"column":null}},"loc":{"start":{"line":48,"column":72},"end":{"line":57,"column":2}}},"4":{"name":"(anonymous_22)","decl":{"start":{"line":61,"column":2},"end":{"line":61,"column":9}},"loc":{"start":{"line":61,"column":20},"end":{"line":68,"column":null}}},"5":{"name":"(anonymous_23)","decl":{"start":{"line":61,"column":20},"end":{"line":61,"column":null}},"loc":{"start":{"line":61,"column":20},"end":{"line":68,"column":null}}},"6":{"name":"(anonymous_25)","decl":{"start":{"line":73,"column":2},"end":{"line":73,"column":9}},"loc":{"start":{"line":73,"column":59},"end":{"line":80,"column":null}}},"7":{"name":"(anonymous_28)","decl":{"start":{"line":85,"column":2},"end":{"line":85,"column":9}},"loc":{"start":{"line":85,"column":20},"end":{"line":92,"column":null}}},"8":{"name":"(anonymous_29)","decl":{"start":{"line":85,"column":20},"end":{"line":85,"column":null}},"loc":{"start":{"line":85,"column":20},"end":{"line":92,"column":null}}},"9":{"name":"(anonymous_31)","decl":{"start":{"line":114,"column":18},"end":{"line":114,"column":19}},"loc":{"start":{"line":114,"column":24},"end":{"line":114,"column":34}}},"10":{"name":"(anonymous_32)","decl":{"start":{"line":115,"column":20},"end":{"line":115,"column":21}},"loc":{"start":{"line":115,"column":26},"end":{"line":115,"column":36}}},"11":{"name":"(anonymous_33)","decl":{"start":{"line":116,"column":20},"end":{"line":116,"column":21}},"loc":{"start":{"line":116,"column":26},"end":{"line":116,"column":36}}},"12":{"name":"(anonymous_34)","decl":{"start":{"line":117,"column":23},"end":{"line":117,"column":24}},"loc":{"start":{"line":117,"column":29},"end":{"line":117,"column":39}}},"13":{"name":"(anonymous_35)","decl":{"start":{"line":119,"column":17},"end":{"line":119,"column":18}},"loc":{"start":{"line":119,"column":25},"end":{"line":182,"column":3}}},"14":{"name":"(anonymous_36)","decl":{"start":{"line":121,"column":33},"end":{"line":121,"column":34}},"loc":{"start":{"line":121,"column":39},"end":{"line":126,"column":7}}},"15":{"name":"(anonymous_37)","decl":{"start":{"line":130,"column":8},"end":{"line":130,"column":9}},"loc":{"start":{"line":130,"column":47},"end":{"line":133,"column":9}}},"16":{"name":"(anonymous_38)","decl":{"start":{"line":138,"column":8},"end":{"line":138,"column":9}},"loc":{"start":{"line":138,"column":14},"end":{"line":140,"column":9}}},"17":{"name":"(anonymous_39)","decl":{"start":{"line":152,"column":8},"end":{"line":152,"column":9}},"loc":{"start":{"line":152,"column":14},"end":{"line":154,"column":9}}},"18":{"name":"(anonymous_40)","decl":{"start":{"line":163,"column":8},"end":{"line":163,"column":9}},"loc":{"start":{"line":163,"column":14},"end":{"line":166,"column":9}}},"19":{"name":"(anonymous_41)","decl":{"start":{"line":176,"column":8},"end":{"line":176,"column":9}},"loc":{"start":{"line":176,"column":44},"end":{"line":180,"column":9}}}},"branchMap":{},"s":{"0":4,"1":4,"2":4,"3":4,"4":1,"5":1,"6":1,"7":1,"8":1,"9":1,"10":1,"11":1,"12":0,"13":4,"14":2,"15":2,"16":2,"17":2,"18":1,"19":1,"20":1,"21":1,"22":4,"23":1,"24":2,"25":1,"26":1,"27":1,"28":0,"29":4,"30":1,"31":1,"32":1,"33":1,"34":0,"35":4,"36":1,"37":1,"38":1,"39":1,"40":1,"41":1,"42":0,"43":4,"44":1,"45":1,"46":1,"47":1,"48":0,"49":4,"50":4,"51":0,"52":0,"53":0,"54":0,"55":4,"56":1,"57":1,"58":1,"59":1,"60":1,"61":1,"62":0,"63":7,"64":1,"65":1,"66":4,"67":4,"68":4,"69":4,"70":4},"f":{"0":1,"1":2,"2":1,"3":1,"4":1,"5":1,"6":1,"7":1,"8":1,"9":0,"10":0,"11":0,"12":0,"13":4,"14":1,"15":1,"16":0,"17":7,"18":1,"19":4},"b":{}}
,"C:\\Users\\khaspalaev\\Documents\\stellar-burgers-main\\stellar-burgers-main\\src\\utils\\burger-api.ts": {"path":"C:\\Users\\khaspalaev\\Documents\\stellar-burgers-main\\stellar-burgers-main\\src\\utils\\burger-api.ts","statementMap":{"0":{"start":{"line":1,"column":0},"end":{"line":1,"column":48}},"1":{"start":{"line":4,"column":12},"end":{"line":4,"column":38}},"2":{"start":{"line":6,"column":22},"end":{"line":7,"column":5}},"3":{"start":{"line":7,"column":2},"end":{"line":7,"column":70}},"4":{"start":{"line":7,"column":49},"end":{"line":7,"column":69}},"5":{"start":{"line":18,"column":28},"end":{"line":19,"column":7}},"6":{"start":{"line":19,"column":2},"end":{"line":36,"column":7}},"7":{"start":{"line":28,"column":19},"end":{"line":28,"column":56}},"8":{"start":{"line":30,"column":6},"end":{"line":32,"column":7}},"9":{"start":{"line":31,"column":8},"end":{"line":31,"column":43}},"10":{"start":{"line":33,"column":6},"end":{"line":33,"column":69}},"11":{"start":{"line":34,"column":6},"end":{"line":34,"column":56}},"12":{"start":{"line":35,"column":6},"end":{"line":35,"column":25}},"13":{"start":{"line":18,"column":13},"end":{"line":18,"column":28}},"14":{"start":{"line":38,"column":32},"end":{"line":58,"column":2}},"15":{"start":{"line":40,"column":22},"end":{"line":58,"column":2}},"16":{"start":{"line":43,"column":16},"end":{"line":43,"column":null}},"17":{"start":{"line":43,"column":10},"end":{"line":43,"column":null}},"18":{"start":{"line":44,"column":11},"end":{"line":44,"column":39}},"19":{"start":{"line":44,"column":4},"end":{"line":44,"column":39}},"20":{"start":{"line":46,"column":8},"end":{"line":46,"column":9}},"21":{"start":{"line":47,"column":26},"end":{"line":47,"column":null}},"22":{"start":{"line":47,"column":12},"end":{"line":47,"column":null}},"23":{"start":{"line":48,"column":6},"end":{"line":51,"column":7}},"24":{"start":{"line":49,"column":9},"end":{"line":50,"column":34}},"25":{"start":{"line":52,"column":18},"end":{"line":52,"column":null}},"26":{"start":{"line":52,"column":12},"end":{"line":52,"column":null}},"27":{"start":{"line":53,"column":13},"end":{"line":53,"column":41}},"28":{"start":{"line":53,"column":6},"end":{"line":53,"column":41}},"29":{"start":{"line":55,"column":6},"end":{"line":55,"column":33}},"30":{"start":{"line":38,"column":13},"end":{"line":38,"column":32}},"31":{"start":{"line":74,"column":33},"end":{"line":75,"column":7}},"32":{"start":{"line":75,"column":2},"end":{"line":80,"column":7}},"33":{"start":{"line":76,"column":19},"end":{"line":76,"column":60}},"34":{"start":{"line":78,"column":6},"end":{"line":78,"column":42}},"35":{"start":{"line":78,"column":25},"end":{"line":78,"column":42}},"36":{"start":{"line":79,"column":6},"end":{"line":79,"column":34}},"37":{"start":{"line":74,"column":13},"end":{"line":74,"column":33}},"38":{"start":{"line":82,"column":27},"end":{"line":83,"column":7}},"39":{"start":{"line":83,"column":2},"end":{"line":88,"column":7}},"40":{"start":{"line":84,"column":19},"end":{"line":84,"column":54}},"41":{"start":{"line":86,"column":6},"end":{"line":86,"column":37}},"42":{"start":{"line":86,"column":25},"end":{"line":86,"column":37}},"43":{"start":{"line":87,"column":6},"end":{"line":87,"column":34}},"44":{"start":{"line":82,"column":13},"end":{"line":82,"column":27}},"45":{"start":{"line":90,"column":28},"end":{"line":91,"column":18}},"46":{"start":{"line":91,"column":2},"end":{"line":100,"column":5}},"47":{"start":{"line":98,"column":4},"end":{"line":98,"column":42}},"48":{"start":{"line":98,"column":23},"end":{"line":98,"column":42}},"49":{"start":{"line":99,"column":4},"end":{"line":99,"column":32}},"50":{"start":{"line":90,"column":13},"end":{"line":90,"column":28}},"51":{"start":{"line":107,"column":30},"end":{"line":108,"column":18}},"52":{"start":{"line":108,"column":2},"end":{"line":120,"column":5}},"53":{"start":{"line":118,"column":4},"end":{"line":118,"column":35}},"54":{"start":{"line":118,"column":23},"end":{"line":118,"column":35}},"55":{"start":{"line":119,"column":4},"end":{"line":119,"column":32}},"56":{"start":{"line":107,"column":13},"end":{"line":107,"column":30}},"57":{"start":{"line":126,"column":35},"end":{"line":127,"column":7}},"58":{"start":{"line":127,"column":2},"end":{"line":132,"column":55}},"59":{"start":{"line":132,"column":19},"end":{"line":132,"column":54}},"60":{"start":{"line":126,"column":13},"end":{"line":126,"column":35}},"61":{"start":{"line":146,"column":31},"end":{"line":147,"column":7}},"62":{"start":{"line":147,"column":2},"end":{"line":158,"column":7}},"63":{"start":{"line":154,"column":19},"end":{"line":154,"column":53}},"64":{"start":{"line":156,"column":6},"end":{"line":156,"column":37}},"65":{"start":{"line":156,"column":25},"end":{"line":156,"column":37}},"66":{"start":{"line":157,"column":6},"end":{"line":157,"column":34}},"67":{"start":{"line":146,"column":13},"end":{"line":146,"column":31}},"68":{"start":{"line":165,"column":28},"end":{"line":166,"column":7}},"69":{"start":{"line":166,"column":2},"end":{"line":177,"column":7}},"70":{"start":{"line":173,"column":19},"end":{"line":173,"column":53}},"71":{"start":{"line":175,"column":6},"end":{"line":175,"column":37}},"72":{"start":{"line":175,"column":25},"end":{"line":175,"column":37}},"73":{"start":{"line":176,"column":6},"end":{"line":176,"column":34}},"74":{"start":{"line":165,"column":13},"end":{"line":165,"column":28}},"75":{"start":{"line":179,"column":33},"end":{"line":180,"column":7}},"76":{"start":{"line":180,"column":2},"end":{"line":191,"column":7}},"77":{"start":{"line":187,"column":19},"end":{"line":187,"column":59}},"78":{"start":{"line":189,"column":6},"end":{"line":189,"column":37}},"79":{"start":{"line":189,"column":25},"end":{"line":189,"column":37}},"80":{"start":{"line":190,"column":6},"end":{"line":190,"column":34}},"81":{"start":{"line":179,"column":13},"end":{"line":179,"column":33}},"82":{"start":{"line":193,"column":32},"end":{"line":194,"column":7}},"83":{"start":{"line":194,"column":2},"end":{"line":205,"column":7}},"84":{"start":{"line":201,"column":19},"end":{"line":201,"column":59}},"85":{"start":{"line":203,"column":6},"end":{"line":203,"column":37}},"86":{"start":{"line":203,"column":25},"end":{"line":203,"column":37}},"87":{"start":{"line":204,"column":6},"end":{"line":204,"column":34}},"88":{"start":{"line":193,"column":13},"end":{"line":193,"column":32}},"89":{"start":{"line":209,"column":26},"end":{"line":210,"column":18}},"90":{"start":{"line":210,"column":2},"end":{"line":214,"column":5}},"91":{"start":{"line":209,"column":13},"end":{"line":209,"column":26}},"92":{"start":{"line":216,"column":29},"end":{"line":217,"column":18}},"93":{"start":{"line":217,"column":2},"end":{"line":224,"column":5}},"94":{"start":{"line":216,"column":13},"end":{"line":216,"column":29}},"95":{"start":{"line":226,"column":25},"end":{"line":227,"column":7}},"96":{"start":{"line":227,"column":2},"end":{"line":235,"column":60}},"97":{"start":{"line":235,"column":19},"end":{"line":235,"column":59}},"98":{"start":{"line":226,"column":13},"end":{"line":226,"column":25}}},"fnMap":{"0":{"name":"(anonymous_13)","decl":{"start":{"line":6,"column":22},"end":{"line":6,"column":26}},"loc":{"start":{"line":6,"column":39},"end":{"line":7,"column":5}}},"1":{"name":"(anonymous_14)","decl":{"start":{"line":7,"column":40},"end":{"line":7,"column":41}},"loc":{"start":{"line":7,"column":44},"end":{"line":7,"column":56}}},"2":{"name":"(anonymous_15)","decl":{"start":{"line":18,"column":28},"end":{"line":18,"column":null}},"loc":{"start":{"line":18,"column":28},"end":{"line":19,"column":7}}},"3":{"name":"(anonymous_16)","decl":{"start":{"line":28,"column":10},"end":{"line":28,"column":11}},"loc":{"start":{"line":28,"column":14},"end":{"line":28,"column":32}}},"4":{"name":"(anonymous_17)","decl":{"start":{"line":29,"column":10},"end":{"line":29,"column":11}},"loc":{"start":{"line":29,"column":22},"end":{"line":36,"column":5}}},"5":{"name":"(anonymous_18)","decl":{"start":{"line":38,"column":32},"end":{"line":38,"column":null}},"loc":{"start":{"line":40,"column":22},"end":{"line":58,"column":2}}},"6":{"name":"(anonymous_19)","decl":{"start":{"line":40,"column":22},"end":{"line":40,"column":null}},"loc":{"start":{"line":40,"column":22},"end":{"line":58,"column":2}}},"7":{"name":"(anonymous_21)","decl":{"start":{"line":74,"column":33},"end":{"line":74,"column":null}},"loc":{"start":{"line":74,"column":33},"end":{"line":75,"column":7}}},"8":{"name":"(anonymous_22)","decl":{"start":{"line":76,"column":10},"end":{"line":76,"column":11}},"loc":{"start":{"line":76,"column":14},"end":{"line":76,"column":32}}},"9":{"name":"(anonymous_23)","decl":{"start":{"line":77,"column":10},"end":{"line":77,"column":11}},"loc":{"start":{"line":77,"column":15},"end":{"line":80,"column":5}}},"10":{"name":"(anonymous_24)","decl":{"start":{"line":82,"column":27},"end":{"line":82,"column":null}},"loc":{"start":{"line":82,"column":27},"end":{"line":83,"column":7}}},"11":{"name":"(anonymous_25)","decl":{"start":{"line":84,"column":10},"end":{"line":84,"column":11}},"loc":{"start":{"line":84,"column":14},"end":{"line":84,"column":32}}},"12":{"name":"(anonymous_26)","decl":{"start":{"line":85,"column":10},"end":{"line":85,"column":11}},"loc":{"start":{"line":85,"column":15},"end":{"line":88,"column":5}}},"13":{"name":"(anonymous_27)","decl":{"start":{"line":90,"column":28},"end":{"line":90,"column":null}},"loc":{"start":{"line":90,"column":28},"end":{"line":91,"column":18}}},"14":{"name":"(anonymous_28)","decl":{"start":{"line":97,"column":10},"end":{"line":97,"column":11}},"loc":{"start":{"line":97,"column":15},"end":{"line":100,"column":3}}},"15":{"name":"(anonymous_29)","decl":{"start":{"line":107,"column":30},"end":{"line":107,"column":31}},"loc":{"start":{"line":107,"column":45},"end":{"line":108,"column":18}}},"16":{"name":"(anonymous_30)","decl":{"start":{"line":117,"column":10},"end":{"line":117,"column":11}},"loc":{"start":{"line":117,"column":15},"end":{"line":120,"column":3}}},"17":{"name":"(anonymous_31)","decl":{"start":{"line":126,"column":35},"end":{"line":126,"column":36}},"loc":{"start":{"line":126,"column":50},"end":{"line":127,"column":7}}},"18":{"name":"(anonymous_32)","decl":{"start":{"line":132,"column":10},"end":{"line":132,"column":11}},"loc":{"start":{"line":132,"column":14},"end":{"line":132,"column":32}}},"19":{"name":"(anonymous_33)","decl":{"start":{"line":146,"column":31},"end":{"line":146,"column":32}},"loc":{"start":{"line":146,"column":51},"end":{"line":147,"column":7}}},"20":{"name":"(anonymous_34)","decl":{"start":{"line":154,"column":10},"end":{"line":154,"column":11}},"loc":{"start":{"line":154,"column":14},"end":{"line":154,"column":32}}},"21":{"name":"(anonymous_35)","decl":{"start":{"line":155,"column":10},"end":{"line":155,"column":11}},"loc":{"start":{"line":155,"column":15},"end":{"line":158,"column":5}}},"22":{"name":"(anonymous_36)","decl":{"start":{"line":165,"column":28},"end":{"line":165,"column":29}},"loc":{"start":{"line":165,"column":45},"end":{"line":166,"column":7}}},"23":{"name":"(anonymous_37)","decl":{"start":{"line":173,"column":10},"end":{"line":173,"column":11}},"loc":{"start":{"line":173,"column":14},"end":{"line":173,"column":32}}},"24":{"name":"(anonymous_38)","decl":{"start":{"line":174,"column":10},"end":{"line":174,"column":11}},"loc":{"start":{"line":174,"column":15},"end":{"line":177,"column":5}}},"25":{"name":"(anonymous_39)","decl":{"start":{"line":179,"column":33},"end":{"line":179,"column":34}},"loc":{"start":{"line":179,"column":57},"end":{"line":180,"column":7}}},"26":{"name":"(anonymous_40)","decl":{"start":{"line":187,"column":10},"end":{"line":187,"column":11}},"loc":{"start":{"line":187,"column":14},"end":{"line":187,"column":32}}},"27":{"name":"(anonymous_41)","decl":{"start":{"line":188,"column":10},"end":{"line":188,"column":11}},"loc":{"start":{"line":188,"column":15},"end":{"line":191,"column":5}}},"28":{"name":"(anonymous_42)","decl":{"start":{"line":193,"column":32},"end":{"line":193,"column":33}},"loc":{"start":{"line":193,"column":74},"end":{"line":194,"column":7}}},"29":{"name":"(anonymous_43)","decl":{"start":{"line":201,"column":10},"end":{"line":201,"column":11}},"loc":{"start":{"line":201,"column":14},"end":{"line":201,"column":32}}},"30":{"name":"(anonymous_44)","decl":{"start":{"line":202,"column":10},"end":{"line":202,"column":11}},"loc":{"start":{"line":202,"column":15},"end":{"line":205,"column":5}}},"31":{"name":"(anonymous_45)","decl":{"start":{"line":209,"column":26},"end":{"line":209,"column":null}},"loc":{"start":{"line":209,"column":26},"end":{"line":210,"column":18}}},"32":{"name":"(anonymous_46)","decl":{"start":{"line":216,"column":29},"end":{"line":216,"column":30}},"loc":{"start":{"line":216,"column":58},"end":{"line":217,"column":18}}},"33":{"name":"(anonymous_47)","decl":{"start":{"line":226,"column":25},"end":{"line":226,"column":null}},"loc":{"start":{"line":226,"column":25},"end":{"line":227,"column":7}}},"34":{"name":"(anonymous_48)","decl":{"start":{"line":235,"column":10},"end":{"line":235,"column":11}},"loc":{"start":{"line":235,"column":14},"end":{"line":235,"column":32}}}},"branchMap":{"0":{"loc":{"start":{"line":7,"column":2},"end":{"line":7,"column":69}},"type":"cond-expr","locations":[{"start":{"line":7,"column":11},"end":{"line":7,"column":21}},{"start":{"line":7,"column":24},"end":{"line":7,"column":69}}]},"1":{"loc":{"start":{"line":30,"column":6},"end":{"line":32,"column":7}},"type":"if","locations":[{"start":{"line":30,"column":6},"end":{"line":32,"column":7}}]},"2":{"loc":{"start":{"line":44,"column":4},"end":{"line":44,"column":39}},"type":"switch","locations":[{"start":{"line":44,"column":4},"end":{"line":44,"column":39}},{"start":{"line":53,"column":6},"end":{"line":53,"column":41}},{"start":{"line":55,"column":6},"end":{"line":55,"column":33}}]},"3":{"loc":{"start":{"line":46,"column":8},"end":{"line":46,"column":9}},"type":"if","locations":[{"start":{"line":46,"column":8},"end":{"line":46,"column":9}}]},"4":{"loc":{"start":{"line":48,"column":6},"end":{"line":51,"column":7}},"type":"if","locations":[{"start":{"line":48,"column":6},"end":{"line":51,"column":7}}]},"5":{"loc":{"start":{"line":78,"column":6},"end":{"line":78,"column":42}},"type":"if","locations":[{"start":{"line":78,"column":6},"end":{"line":78,"column":42}}]},"6":{"loc":{"start":{"line":78,"column":10},"end":{"line":78,"column":23}},"type":"cond-expr","locations":[{"start":{"line":78,"column":14},"end":{"line":78,"column":16}},{"start":{"line":78,"column":10},"end":{"line":78,"column":23}}]},"7":{"loc":{"start":{"line":78,"column":10},"end":{"line":78,"column":16}},"type":"binary-expr","locations":[{"start":{"line":78,"column":10},"end":{"line":78,"column":16}},{"start":{"line":78,"column":10},"end":{"line":78,"column":16}}]},"8":{"loc":{"start":{"line":86,"column":6},"end":{"line":86,"column":37}},"type":"if","locations":[{"start":{"line":86,"column":6},"end":{"line":86,"column":37}}]},"9":{"loc":{"start":{"line":86,"column":10},"end":{"line":86,"column":23}},"type":"cond-expr","locations":[{"start":{"line":86,"column":14},"end":{"line":86,"column":16}},{"start":{"line":86,"column":10},"end":{"line":86,"column":23}}]},"10":{"loc":{"start":{"line":86,"column":10},"end":{"line":86,"column":16}},"type":"binary-expr","locations":[{"start":{"line":86,"column":10},"end":{"line":86,"column":16}},{"start":{"line":86,"column":10},"end":{"line":86,"column":16}}]},"11":{"loc":{"start":{"line":98,"column":4},"end":{"line":98,"column":42}},"type":"if","locations":[{"start":{"line":98,"column":4},"end":{"line":98,"column":42}}]},"12":{"loc":{"start":{"line":98,"column":8},"end":{"line":98,"column":21}},"type":"cond-expr","locations":[{"start":{"line":98,"column":12},"end":{"line":98,"column":14}},{"start":{"line":98,"column":8},"end":{"line":98,"column":21}}]},"13":{"loc":{"start":{"line":98,"column":8},"end":{"line":98,"column":14}},"type":"binary-expr","locations":[{"start":{"line":98,"column":8},"end":{"line":98,"column":14}},{"start":{"line":98,"column":8},"end":{"line":98,"column":14}}]},"14":{"loc":{"start":{"line":118,"column":4},"end":{"line":118,"column":35}},"type":"if","locations":[{"start":{"line":118,"column":4},"end":{"line":118,"column":35}}]},"15":{"loc":{"start":{"line":118,"column":8},"end":{"line":118,"column":21}},"type":"cond-expr","locations":[{"start":{"line":118,"column":12},"end":{"line":118,"column":14}},{"start":{"line":118,"column":8},"end":{"line":118,"column":21}}]},"16":{"loc":{"start":{"line":118,"column":8},"end":{"line":118,"column":14}},"type":"binary-expr","locations":[{"start":{"line":118,"column":8},"end":{"line":118,"column":14}},{"start":{"line":118,"column":8},"end":{"line":118,"column":14}}]},"17":{"loc":{"start":{"line":156,"column":6},"end":{"line":156,"column":37}},"type":"if","locations":[{"start":{"line":156,"column":6},"end":{"line":156,"column":37}}]},"18":{"loc":{"start":{"line":156,"column":10},"end":{"line":156,"column":23}},"type":"cond-expr","locations":[{"start":{"line":156,"column":14},"end":{"line":156,"column":16}},{"start":{"line":156,"column":10},"end":{"line":156,"column":23}}]},"19":{"loc":{"start":{"line":156,"column":10},"end":{"line":156,"column":16}},"type":"binary-expr","locations":[{"start":{"line":156,"column":10},"end":{"line":156,"column":16}},{"start":{"line":156,"column":10},"end":{"line":156,"column":16}}]},"20":{"loc":{"start":{"line":175,"column":6},"end":{"line":175,"column":37}},"type":"if","locations":[{"start":{"line":175,"column":6},"end":{"line":175,"column":37}}]},"21":{"loc":{"start":{"line":175,"column":10},"end":{"line":175,"column":23}},"type":"cond-expr","locations":[{"start":{"line":175,"column":14},"end":{"line":175,"column":16}},{"start":{"line":175,"column":10},"end":{"line":175,"column":23}}]},"22":{"loc":{"start":{"line":175,"column":10},"end":{"line":175,"column":16}},"type":"binary-expr","locations":[{"start":{"line":175,"column":10},"end":{"line":175,"column":16}},{"start":{"line":175,"column":10},"end":{"line":175,"column":16}}]},"23":{"loc":{"start":{"line":189,"column":6},"end":{"line":189,"column":37}},"type":"if","locations":[{"start":{"line":189,"column":6},"end":{"line":189,"column":37}}]},"24":{"loc":{"start":{"line":189,"column":10},"end":{"line":189,"column":23}},"type":"cond-expr","locations":[{"start":{"line":189,"column":14},"end":{"line":189,"column":16}},{"start":{"line":189,"column":10},"end":{"line":189,"column":23}}]},"25":{"loc":{"start":{"line":189,"column":10},"end":{"line":189,"column":16}},"type":"binary-expr","locations":[{"start":{"line":189,"column":10},"end":{"line":189,"column":16}},{"start":{"line":189,"column":10},"end":{"line":189,"column":16}}]},"26":{"loc":{"start":{"line":203,"column":6},"end":{"line":203,"column":37}},"type":"if","locations":[{"start":{"line":203,"column":6},"end":{"line":203,"column":37}}]},"27":{"loc":{"start":{"line":203,"column":10},"end":{"line":203,"column":23}},"type":"cond-expr","locations":[{"start":{"line":203,"column":14},"end":{"line":203,"column":16}},{"start":{"line":203,"column":10},"end":{"line":203,"column":23}}]},"28":{"loc":{"start":{"line":203,"column":10},"end":{"line":203,"column":16}},"type":"binary-expr","locations":[{"start":{"line":203,"column":10},"end":{"line":203,"column":16}},{"start":{"line":203,"column":10},"end":{"line":203,"column":16}}]}},"s":{"0":4,"1":4,"2":4,"3":0,"4":0,"5":4,"6":0,"7":0,"8":0,"9":0,"10":0,"11":0,"12":0,"13":4,"14":4,"15":0,"16":0,"17":0,"18":0,"19":0,"20":0,"21":0,"22":0,"23":0,"24":0,"25":0,"26":0,"27":0,"28":0,"29":0,"30":4,"31":4,"32":0,"33":0,"34":0,"35":0,"36":0,"37":4,"38":4,"39":0,"40":0,"41":0,"42":0,"43":0,"44":4,"45":4,"46":0,"47":0,"48":0,"49":0,"50":4,"51":4,"52":0,"53":0,"54":0,"55":0,"56":4,"57":4,"58":0,"59":0,"60":4,"61":4,"62":0,"63":0,"64":0,"65":0,"66":0,"67":4,"68":4,"69":0,"70":0,"71":0,"72":0,"73":0,"74":4,"75":4,"76":0,"77":0,"78":0,"79":0,"80":0,"81":4,"82":4,"83":0,"84":0,"85":0,"86":0,"87":0,"88":4,"89":4,"90":0,"91":4,"92":4,"93":0,"94":4,"95":4,"96":0,"97":0,"98":4},"f":{"0":0,"1":0,"2":0,"3":0,"4":0,"5":0,"6":0,"7":0,"8":0,"9":0,"10":0,"11":0,"12":0,"13":0,"14":0,"15":0,"16":0,"17":0,"18":0,"19":0,"20":0,"21":0,"22":0,"23":0,"24":0,"25":0,"26":0,"27":0,"28":0,"29":0,"30":0,"31":0,"32":0,"33":0,"34":0},"b":{"0":[0,0],"1":[0],"2":[0,0,0],"3":[0],"4":[0],"5":[0],"6":[0,0],"7":[0,0],"8":[0],"9":[0,0],"10":[0,0],"11":[0],"12":[0,0],"13":[0,0],"14":[0],"15":[0,0],"16":[0,0],"17":[0],"18":[0,0],"19":[0,0],"20":[0],"21":[0,0],"22":[0,0],"23":[0],"24":[0,0],"25":[0,0],"26":[0],"27":[0,0],"28":[0,0]}}
,"C:\\Users\\khaspalaev\\Documents\\stellar-burgers-main\\stellar-burgers-main\\src\\utils\\cookie.ts": {"path":"C:\\Users\\khaspalaev\\Documents\\stellar-burgers-main\\stellar-burgers-main\\src\\utils\\cookie.ts","statementMap":{"0":{"start":{"line":2,"column":18},"end":{"line":8,"column":null}},"1":{"start":{"line":10,"column":2},"end":{"line":10,"column":62}},"2":{"start":{"line":1,"column":0},"end":{"line":1,"column":16}},"3":{"start":{"line":16,"column":2},"end":{"line":16,"column":null}},"4":{"start":{"line":18,"column":2},"end":{"line":21,"column":4}},"5":{"start":{"line":23,"column":12},"end":{"line":23,"column":25}},"6":{"start":{"line":24,"column":2},"end":{"line":28,"column":3}},"7":{"start":{"line":25,"column":14},"end":{"line":25,"column":24}},"8":{"start":{"line":26,"column":4},"end":{"line":26,"column":40}},"9":{"start":{"line":27,"column":4},"end":{"line":27,"column":28}},"10":{"start":{"line":30,"column":2},"end":{"line":32,"column":3}},"11":{"start":{"line":31,"column":4},"end":{"line":31,"column":38}},"12":{"start":{"line":33,"column":2},"end":{"line":33,"column":36}},"13":{"start":{"line":34,"column":22},"end":{"line":34,"column":40}},"14":{"start":{"line":35,"column":2},"end":{"line":41,"column":3}},"15":{"start":{"line":36,"column":4},"end":{"line":36,"column":37}},"16":{"start":{"line":37,"column":22},"end":{"line":37,"column":37}},"17":{"start":{"line":38,"column":4},"end":{"line":40,"column":5}},"18":{"start":{"line":39,"column":6},"end":{"line":39,"column":39}},"19":{"start":{"line":42,"column":2},"end":{"line":42,"column":34}},"20":{"start":{"line":13,"column":0},"end":{"line":13,"column":16}},"21":{"start":{"line":46,"column":2},"end":{"line":46,"column":39}},"22":{"start":{"line":45,"column":0},"end":{"line":45,"column":16}}},"fnMap":{"0":{"name":"getCookie","decl":{"start":{"line":1,"column":16},"end":{"line":1,"column":25}},"loc":{"start":{"line":1,"column":38},"end":{"line":11,"column":1}}},"1":{"name":"setCookie","decl":{"start":{"line":13,"column":16},"end":{"line":13,"column":25}},"loc":{"start":{"line":16,"column":65},"end":{"line":43,"column":1}}},"2":{"name":"deleteCookie","decl":{"start":{"line":45,"column":16},"end":{"line":45,"column":28}},"loc":{"start":{"line":45,"column":41},"end":{"line":47,"column":1}}}},"branchMap":{"0":{"loc":{"start":{"line":10,"column":9},"end":{"line":10,"column":61}},"type":"cond-expr","locations":[{"start":{"line":10,"column":19},"end":{"line":10,"column":49}},{"start":{"line":10,"column":52},"end":{"line":10,"column":61}}]},"1":{"loc":{"start":{"line":16,"column":2},"end":{"line":16,"column":null}},"type":"if","locations":[{"start":{"line":16,"column":2},"end":{"line":16,"column":null}}]},"2":{"loc":{"start":{"line":24,"column":2},"end":{"line":28,"column":3}},"type":"if","locations":[{"start":{"line":24,"column":2},"end":{"line":28,"column":3}}]},"3":{"loc":{"start":{"line":24,"column":6},"end":{"line":24,"column":36}},"type":"binary-expr","locations":[{"start":{"line":24,"column":6},"end":{"line":24,"column":9}},{"start":{"line":24,"column":13},"end":{"line":24,"column":36}}]},"4":{"loc":{"start":{"line":30,"column":2},"end":{"line":32,"column":3}},"type":"if","locations":[{"start":{"line":30,"column":2},"end":{"line":32,"column":3}}]},"5":{"loc":{"start":{"line":30,"column":6},"end":{"line":30,"column":32}},"type":"binary-expr","locations":[{"start":{"line":30,"column":6},"end":{"line":30,"column":9}},{"start":{"line":30,"column":13},"end":{"line":30,"column":32}}]},"6":{"loc":{"start":{"line":38,"column":4},"end":{"line":40,"column":5}},"type":"if","locations":[{"start":{"line":38,"column":4},"end":{"line":40,"column":5}}]}},"s":{"0":0,"1":0,"2":4,"3":5,"4":3,"5":3,"6":3,"7":1,"8":1,"9":1,"10":3,"11":1,"12":3,"13":3,"14":3,"15":4,"16":4,"17":4,"18":4,"19":3,"20":4,"21":1,"22":4},"f":{"0":0,"1":3,"2":1},"b":{"0":[0,0],"1":[2],"2":[1],"3":[3,1],"4":[1],"5":[3,1],"6":[4]}}
}
