TN:
SF:src\services\store.ts
FN:28,(anonymous_0)
FNF:1
FNH:0
FNDA:0,(anonymous_0)
DA:1,4
DA:2,4
DA:7,4
DA:8,4
DA:9,4
DA:10,4
DA:12,4
DA:19,4
DA:28,4
DA:29,4
DA:31,4
LF:11
LH:11
BRF:0
BRH:0
end_of_record
TN:
SF:src\services\slices\burgerConstructorSlice\index.ts
FN:15,(anonymous_15)
FN:15,(anonymous_16)
FN:46,(anonymous_18)
FN:52,(anonymous_19)
FN:64,(anonymous_20)
FN:75,(anonymous_21)
FN:79,(anonymous_22)
FN:90,(anonymous_23)
FN:101,(anonymous_24)
FN:113,(anonymous_25)
FN:125,(anonymous_26)
FN:126,(anonymous_27)
FN:127,(anonymous_28)
FN:129,(anonymous_29)
FN:131,(anonymous_30)
FN:134,(anonymous_31)
FN:137,(anonymous_32)
FNF:17
FNH:13
FNDA:1,(anonymous_15)
FNDA:1,(anonymous_16)
FNDA:1,(anonymous_18)
FNDA:2,(anonymous_19)
FNDA:2,(anonymous_20)
FNDA:2,(anonymous_21)
FNDA:1,(anonymous_22)
FNDA:2,(anonymous_23)
FNDA:1,(anonymous_24)
FNDA:1,(anonymous_25)
FNDA:0,(anonymous_26)
FNDA:0,(anonymous_27)
FNDA:0,(anonymous_28)
FNDA:4,(anonymous_29)
FNDA:1,(anonymous_30)
FNDA:1,(anonymous_31)
FNDA:0,(anonymous_32)
DA:1,4
DA:8,4
DA:11,4
DA:15,1
DA:17,1
DA:18,1
DA:20,0
DA:33,4
DA:42,4
DA:47,1
DA:53,2
DA:58,2
DA:59,1
DA:61,1
DA:68,2
DA:70,2
DA:71,1
DA:73,1
DA:75,2
DA:83,1
DA:85,1
DA:86,0
DA:89,1
DA:90,2
DA:93,1
DA:94,1
DA:95,1
DA:105,1
DA:107,1
DA:108,0
DA:111,1
DA:112,1
DA:113,1
DA:116,1
DA:117,1
DA:125,0
DA:126,0
DA:127,0
DA:130,4
DA:132,1
DA:135,1
DA:138,0
DA:144,4
DA:151,4
DA:155,4
LF:45
LH:38
BRDA:58,0,0,1
BRDA:58,0,1,1
BRDA:70,1,0,1
BRDA:70,1,1,1
BRDA:85,2,0,0
BRDA:93,3,0,1
BRDA:107,4,0,0
BRDA:116,5,0,1
BRDA:116,6,0,1
BRDA:116,6,1,1
BRF:10
BRH:8
end_of_record
TN:
SF:src\services\slices\burgerSlice\index.ts
FN:13,(anonymous_15)
FN:13,(anonymous_16)
FN:25,(anonymous_18)
FN:25,(anonymous_19)
FN:46,(anonymous_21)
FN:83,(anonymous_22)
FN:84,(anonymous_23)
FN:85,(anonymous_24)
FN:87,(anonymous_25)
FN:89,(anonymous_26)
FN:91,(anonymous_27)
FN:99,(anonymous_28)
FN:121,(anonymous_29)
FN:128,(anonymous_30)
FNF:14
FNH:9
FNDA:1,(anonymous_15)
FNDA:1,(anonymous_16)
FNDA:1,(anonymous_18)
FNDA:1,(anonymous_19)
FNDA:8,(anonymous_21)
FNDA:0,(anonymous_22)
FNDA:0,(anonymous_23)
FNDA:0,(anonymous_24)
FNDA:0,(anonymous_25)
FNDA:4,(anonymous_26)
FNDA:1,(anonymous_27)
FNDA:1,(anonymous_28)
FNDA:2,(anonymous_29)
FNDA:0,(anonymous_30)
DA:1,4
DA:8,4
DA:11,4
DA:13,1
DA:15,1
DA:16,1
DA:18,0
DA:23,4
DA:25,1
DA:27,1
DA:28,1
DA:30,0
DA:46,4
DA:50,8
DA:51,8
DA:54,8
DA:55,8
DA:59,8
DA:61,0
DA:69,4
DA:71,4
DA:78,4
DA:83,0
DA:84,0
DA:85,0
DA:87,0
DA:90,4
DA:92,1
DA:93,1
DA:94,1
DA:95,1
DA:100,1
DA:101,1
DA:102,1
DA:103,1
DA:104,1
DA:105,1
DA:109,1
DA:122,2
DA:123,2
DA:129,0
DA:130,0
DA:137,4
DA:142,4
LF:44
LH:35
BRDA:52,0,0,8
BRDA:52,0,1,8
BRDA:54,1,0,8
BRDA:54,1,1,8
BRDA:56,2,0,8
BRDA:56,2,1,8
BRDA:74,3,0,4
BRDA:74,3,1,0
BRF:8
BRH:7
end_of_record
TN:
SF:src\services\slices\modalSlice\index.ts
FN:15,(anonymous_0)
FN:18,(anonymous_1)
FN:23,(anonymous_2)
FNF:3
FNH:2
FNDA:1,(anonymous_0)
FNDA:1,(anonymous_1)
FNDA:0,(anonymous_2)
DA:1,5
DA:7,5
DA:11,5
DA:16,1
DA:19,1
DA:23,0
DA:27,5
DA:28,5
DA:29,5
LF:9
LH:8
BRF:0
BRH:0
end_of_record
TN:
SF:src\services\slices\userSlice\index.ts
FN:22,(anonymous_13)
FN:36,(anonymous_16)
FN:48,(anonymous_19)
FN:48,(anonymous_20)
FN:61,(anonymous_22)
FN:61,(anonymous_23)
FN:73,(anonymous_25)
FN:85,(anonymous_28)
FN:85,(anonymous_29)
FN:114,(anonymous_31)
FN:115,(anonymous_32)
FN:116,(anonymous_33)
FN:117,(anonymous_34)
FN:119,(anonymous_35)
FN:121,(anonymous_36)
FN:130,(anonymous_37)
FN:138,(anonymous_38)
FN:152,(anonymous_39)
FN:163,(anonymous_40)
FN:176,(anonymous_41)
FNF:20
FNH:15
FNDA:1,(anonymous_13)
FNDA:2,(anonymous_16)
FNDA:1,(anonymous_19)
FNDA:1,(anonymous_20)
FNDA:1,(anonymous_22)
FNDA:1,(anonymous_23)
FNDA:1,(anonymous_25)
FNDA:1,(anonymous_28)
FNDA:1,(anonymous_29)
FNDA:0,(anonymous_31)
FNDA:0,(anonymous_32)
FNDA:0,(anonymous_33)
FNDA:0,(anonymous_34)
FNDA:4,(anonymous_35)
FNDA:1,(anonymous_36)
FNDA:1,(anonymous_37)
FNDA:0,(anonymous_38)
FNDA:7,(anonymous_39)
FNDA:1,(anonymous_40)
FNDA:4,(anonymous_41)
DA:1,4
DA:11,4
DA:18,4
DA:20,4
DA:22,1
DA:24,1
DA:25,1
DA:26,1
DA:27,1
DA:29,0
DA:34,4
DA:36,2
DA:38,2
DA:39,1
DA:40,1
DA:41,1
DA:43,1
DA:48,4
DA:50,2
DA:51,1
DA:52,1
DA:53,1
DA:55,0
DA:59,4
DA:61,1
DA:63,1
DA:64,1
DA:66,0
DA:71,4
DA:73,1
DA:75,1
DA:76,1
DA:78,0
DA:83,4
DA:85,1
DA:87,1
DA:88,1
DA:90,0
DA:102,4
DA:109,4
DA:114,0
DA:115,0
DA:116,0
DA:117,0
DA:120,4
DA:122,1
DA:123,1
DA:124,1
DA:125,1
DA:131,1
DA:132,1
DA:139,0
DA:153,7
DA:164,1
DA:165,1
DA:177,4
DA:178,4
DA:179,4
DA:186,4
DA:191,4
LF:60
LH:50
BRF:0
BRH:0
end_of_record
TN:
SF:src\utils\burger-api.ts
FN:6,(anonymous_13)
FN:7,(anonymous_14)
FN:18,(anonymous_15)
FN:28,(anonymous_16)
FN:29,(anonymous_17)
FN:38,(anonymous_18)
FN:40,(anonymous_19)
FN:74,(anonymous_21)
FN:76,(anonymous_22)
FN:77,(anonymous_23)
FN:82,(anonymous_24)
FN:84,(anonymous_25)
FN:85,(anonymous_26)
FN:90,(anonymous_27)
FN:97,(anonymous_28)
FN:107,(anonymous_29)
FN:117,(anonymous_30)
FN:126,(anonymous_31)
FN:132,(anonymous_32)
FN:146,(anonymous_33)
FN:154,(anonymous_34)
FN:155,(anonymous_35)
FN:165,(anonymous_36)
FN:173,(anonymous_37)
FN:174,(anonymous_38)
FN:179,(anonymous_39)
FN:187,(anonymous_40)
FN:188,(anonymous_41)
FN:193,(anonymous_42)
FN:201,(anonymous_43)
FN:202,(anonymous_44)
FN:209,(anonymous_45)
FN:216,(anonymous_46)
FN:226,(anonymous_47)
FN:235,(anonymous_48)
FNF:35
FNH:0
FNDA:0,(anonymous_13)
FNDA:0,(anonymous_14)
FNDA:0,(anonymous_15)
FNDA:0,(anonymous_16)
FNDA:0,(anonymous_17)
FNDA:0,(anonymous_18)
FNDA:0,(anonymous_19)
FNDA:0,(anonymous_21)
FNDA:0,(anonymous_22)
FNDA:0,(anonymous_23)
FNDA:0,(anonymous_24)
FNDA:0,(anonymous_25)
FNDA:0,(anonymous_26)
FNDA:0,(anonymous_27)
FNDA:0,(anonymous_28)
FNDA:0,(anonymous_29)
FNDA:0,(anonymous_30)
FNDA:0,(anonymous_31)
FNDA:0,(anonymous_32)
FNDA:0,(anonymous_33)
FNDA:0,(anonymous_34)
FNDA:0,(anonymous_35)
FNDA:0,(anonymous_36)
FNDA:0,(anonymous_37)
FNDA:0,(anonymous_38)
FNDA:0,(anonymous_39)
FNDA:0,(anonymous_40)
FNDA:0,(anonymous_41)
FNDA:0,(anonymous_42)
FNDA:0,(anonymous_43)
FNDA:0,(anonymous_44)
FNDA:0,(anonymous_45)
FNDA:0,(anonymous_46)
FNDA:0,(anonymous_47)
FNDA:0,(anonymous_48)
DA:1,4
DA:4,4
DA:6,4
DA:7,0
DA:18,4
DA:19,0
DA:28,0
DA:30,0
DA:31,0
DA:33,0
DA:34,0
DA:35,0
DA:38,4
DA:40,0
DA:43,0
DA:44,0
DA:46,0
DA:47,0
DA:48,0
DA:49,0
DA:52,0
DA:53,0
DA:55,0
DA:74,4
DA:75,0
DA:76,0
DA:78,0
DA:79,0
DA:82,4
DA:83,0
DA:84,0
DA:86,0
DA:87,0
DA:90,4
DA:91,0
DA:98,0
DA:99,0
DA:107,4
DA:108,0
DA:118,0
DA:119,0
DA:126,4
DA:127,0
DA:132,0
DA:146,4
DA:147,0
DA:154,0
DA:156,0
DA:157,0
DA:165,4
DA:166,0
DA:173,0
DA:175,0
DA:176,0
DA:179,4
DA:180,0
DA:187,0
DA:189,0
DA:190,0
DA:193,4
DA:194,0
DA:201,0
DA:203,0
DA:204,0
DA:209,4
DA:210,0
DA:216,4
DA:217,0
DA:226,4
DA:227,0
DA:235,0
LF:71
LH:17
BRDA:7,0,0,0
BRDA:7,0,1,0
BRDA:30,1,0,0
BRDA:44,2,0,0
BRDA:44,2,1,0
BRDA:44,2,2,0
BRDA:46,3,0,0
BRDA:48,4,0,0
BRDA:78,5,0,0
BRDA:78,6,0,0
BRDA:78,6,1,0
BRDA:78,7,0,0
BRDA:78,7,1,0
BRDA:86,8,0,0
BRDA:86,9,0,0
BRDA:86,9,1,0
BRDA:86,10,0,0
BRDA:86,10,1,0
BRDA:98,11,0,0
BRDA:98,12,0,0
BRDA:98,12,1,0
BRDA:98,13,0,0
BRDA:98,13,1,0
BRDA:118,14,0,0
BRDA:118,15,0,0
BRDA:118,15,1,0
BRDA:118,16,0,0
BRDA:118,16,1,0
BRDA:156,17,0,0
BRDA:156,18,0,0
BRDA:156,18,1,0
BRDA:156,19,0,0
BRDA:156,19,1,0
BRDA:175,20,0,0
BRDA:175,21,0,0
BRDA:175,21,1,0
BRDA:175,22,0,0
BRDA:175,22,1,0
BRDA:189,23,0,0
BRDA:189,24,0,0
BRDA:189,24,1,0
BRDA:189,25,0,0
BRDA:189,25,1,0
BRDA:203,26,0,0
BRDA:203,27,0,0
BRDA:203,27,1,0
BRDA:203,28,0,0
BRDA:203,28,1,0
BRF:48
BRH:0
end_of_record
TN:
SF:src\utils\cookie.ts
FN:1,getCookie
FN:13,setCookie
FN:45,deleteCookie
FNF:3
FNH:2
FNDA:0,getCookie
FNDA:3,setCookie
FNDA:1,deleteCookie
DA:1,4
DA:2,0
DA:10,0
DA:13,4
DA:16,5
DA:18,3
DA:23,3
DA:24,3
DA:25,1
DA:26,1
DA:27,1
DA:30,3
DA:31,1
DA:33,3
DA:34,3
DA:35,3
DA:36,4
DA:37,4
DA:38,4
DA:39,4
DA:42,3
DA:45,4
DA:46,1
LF:23
LH:21
BRDA:10,0,0,0
BRDA:10,0,1,0
BRDA:16,1,0,2
BRDA:24,2,0,1
BRDA:24,3,0,3
BRDA:24,3,1,1
BRDA:30,4,0,1
BRDA:30,5,0,3
BRDA:30,5,1,1
BRDA:38,6,0,4
BRF:10
BRH:8
end_of_record
